<?xml version="1.0" encoding="UTF-8"?>
<!-- Generated by org.testng.reporters.JUnitReportReporter -->
<testsuite hostname="LDD70HMQQXX.US.AD.WELLPOINT.COM" failures="0" tests="1" name="TPOCTest" time="0.011" errors="0" timestamp="2022-08-25T14:20:19 IST" skipped="0">
  <testcase classname="TPOCTest" name="checkMessageContent" time="0.011"/>
  <system-out/>
</testsuite> <!-- TPOCTest -->
